<?xml version="1.0" encoding="UTF-8"?>
<!-- Generated by org.testng.reporters.JUnitReportReporter -->
<testsuite hostname="PC-Lokesh" failures="0" tests="1" name="pack1.ExecuteLead" time="68.340" errors="0" timestamp="2023-05-21T21:24:10 IST" skipped="0">
  <testcase classname="pack1.ExecuteLead" name="main" time="68.340"/>
  <system-out/>
</testsuite> <!-- pack1.ExecuteLead -->
