<?xml version="1.0" encoding="UTF-8"?>
<!-- Generated by org.testng.reporters.JUnitReportReporter -->
<testsuite hostname="PC-Lokesh" failures="0" tests="1" name="baseClass.ExecuteLead" time="81.254" errors="0" timestamp="2023-05-23T12:22:33 IST" skipped="0">
  <testcase classname="baseClass.ExecuteLead" name="main" time="81.254"/>
  <system-out/>
</testsuite> <!-- baseClass.ExecuteLead -->
