<?xml version="1.0" encoding="UTF-8"?>
<!-- Generated by org.testng.reporters.JUnitReportReporter -->
<testsuite hostname="Lokesh-PC" failures="0" tests="1" name="pack1.ExecuteLead" time="60.298" errors="0" timestamp="2023-05-09T17:07:16 IST" skipped="0">
  <testcase classname="pack1.ExecuteLead" name="main" time="60.298"/>
  <system-out/>
</testsuite> <!-- pack1.ExecuteLead -->
